==3425== Memcheck, a memory error detector
==3425== Copyright (C) 2002-2015, and GNU GPL'd, by Julian Seward et al.
==3425== Using Valgrind-3.11.0 and LibVEX; rerun with -h for copyright info
==3425== Command: ./main
==3425== 
==3425== Invalid read of size 4
==3425==    at 0x400640: main (in /home/frosty/dz/c++/lab2_valgr/main)
==3425==  Address 0x52030f0 is 0 bytes inside a block of size 30 free'd
==3425==    at 0x4C2EDEB: free (in /usr/lib/valgrind/vgpreload_memcheck-amd64-linux.so)
==3425==    by 0x40063B: main (in /home/frosty/dz/c++/lab2_valgr/main)
==3425==  Block was alloc'd at
==3425==    at 0x4C2DB8F: malloc (in /usr/lib/valgrind/vgpreload_memcheck-amd64-linux.so)
==3425==    by 0x40062B: main (in /home/frosty/dz/c++/lab2_valgr/main)
==3425== 
0
try valgrind
==3425== 
==3425== HEAP SUMMARY:
==3425==     in use at exit: 30 bytes in 2 blocks
==3425==   total heap usage: 4 allocs, 2 frees, 1,084 bytes allocated
==3425== 
==3425== LEAK SUMMARY:
==3425==    definitely lost: 30 bytes in 2 blocks
==3425==    indirectly lost: 0 bytes in 0 blocks
==3425==      possibly lost: 0 bytes in 0 blocks
==3425==    still reachable: 0 bytes in 0 blocks
==3425==         suppressed: 0 bytes in 0 blocks
==3425== Rerun with --leak-check=full to see details of leaked memory
==3425== 
==3425== For counts of detected and suppressed errors, rerun with: -v
==3425== ERROR SUMMARY: 1 errors from 1 contexts (suppressed: 0 from 0)
